build/intermediates/manifest_merge_blame_file/debug/manifest-merger-blame-debug-report.txt
1<?xml version="1.0" encoding="utf-8"?>
2<!--
3    AndroidManifest.xml
4    ───────────────────
5    - LoginActivity  is the LAUNCHER (entry point)
6    - RegisterActivity, HomeActivity are declared normally
7    - windowSoftInputMode=adjustResize so the keyboard does not cover fields
8-->
9<manifest xmlns:android="http://schemas.android.com/apk/res/android"
10    package="com.example.budgetplanner"
11    android:versionCode="1"
12    android:versionName="1.0" >
13
14    <uses-sdk
15        android:minSdkVersion="24"
16        android:targetSdkVersion="34" />
17
18    <!-- Internet permission — required if you add Firebase or a REST backend -->
19    <uses-permission android:name="android.permission.INTERNET" />
19-->AndroidStudioProjects\BudgetPlanner\AndroidManifest.xml:13:5-67
19-->AndroidStudioProjects\BudgetPlanner\AndroidManifest.xml:13:22-64
20
21    <permission
21-->[androidx.core:core:1.12.0] AndroidManifest.xml:22:5-24:47
22        android:name="com.example.budgetplanner.DYNAMIC_RECEIVER_NOT_EXPORTED_PERMISSION"
22-->[androidx.core:core:1.12.0] AndroidManifest.xml:23:9-81
23        android:protectionLevel="signature" />
23-->[androidx.core:core:1.12.0] AndroidManifest.xml:24:9-44
24
25    <uses-permission android:name="com.example.budgetplanner.DYNAMIC_RECEIVER_NOT_EXPORTED_PERMISSION" />
25-->[androidx.core:core:1.12.0] AndroidManifest.xml:26:5-97
25-->[androidx.core:core:1.12.0] AndroidManifest.xml:26:22-94
26
27    <application
27-->AndroidStudioProjects\BudgetPlanner\AndroidManifest.xml:15:5-46:19
28        android:allowBackup="true"
28-->AndroidStudioProjects\BudgetPlanner\AndroidManifest.xml:16:9-35
29        android:appComponentFactory="androidx.core.app.CoreComponentFactory"
29-->[androidx.core:core:1.12.0] AndroidManifest.xml:28:18-86
30        android:debuggable="true"
31        android:extractNativeLibs="false"
32        android:icon="@mipmap/ic_launcher"
32-->AndroidStudioProjects\BudgetPlanner\AndroidManifest.xml:17:9-43
33        android:label="@string/app_name"
33-->AndroidStudioProjects\BudgetPlanner\AndroidManifest.xml:18:9-41
34        android:roundIcon="@mipmap/ic_launcher_round"
34-->AndroidStudioProjects\BudgetPlanner\AndroidManifest.xml:19:9-54
35        android:supportsRtl="true"
35-->AndroidStudioProjects\BudgetPlanner\AndroidManifest.xml:20:9-35
36        android:theme="@style/Theme.BudgetPlanner" >
36-->AndroidStudioProjects\BudgetPlanner\AndroidManifest.xml:21:9-51
37
38        <!-- ── Entry point ───────────────────────────────────────────────── -->
39        <activity
39-->AndroidStudioProjects\BudgetPlanner\AndroidManifest.xml:24:9-32:20
40            android:name="com.example.budgetplanner.LoginActivity"
40-->AndroidStudioProjects\BudgetPlanner\AndroidManifest.xml:25:13-42
41            android:exported="true"
41-->AndroidStudioProjects\BudgetPlanner\AndroidManifest.xml:26:13-36
42            android:windowSoftInputMode="adjustResize" >
42-->AndroidStudioProjects\BudgetPlanner\AndroidManifest.xml:27:13-55
43            <intent-filter>
43-->AndroidStudioProjects\BudgetPlanner\AndroidManifest.xml:28:13-31:29
44                <action android:name="android.intent.action.MAIN" />
44-->AndroidStudioProjects\BudgetPlanner\AndroidManifest.xml:29:17-69
44-->AndroidStudioProjects\BudgetPlanner\AndroidManifest.xml:29:25-66
45
46                <category android:name="android.intent.category.LAUNCHER" />
46-->AndroidStudioProjects\BudgetPlanner\AndroidManifest.xml:30:17-77
46-->AndroidStudioProjects\BudgetPlanner\AndroidManifest.xml:30:27-74
47            </intent-filter>
48        </activity>
49
50        <!-- ── Register screen ──────────────────────────────────────────── -->
51        <activity
51-->AndroidStudioProjects\BudgetPlanner\AndroidManifest.xml:35:9-38:58
52            android:name="com.example.budgetplanner.RegisterActivity"
52-->AndroidStudioProjects\BudgetPlanner\AndroidManifest.xml:36:13-45
53            android:exported="false"
53-->AndroidStudioProjects\BudgetPlanner\AndroidManifest.xml:37:13-37
54            android:windowSoftInputMode="adjustResize" />
54-->AndroidStudioProjects\BudgetPlanner\AndroidManifest.xml:38:13-55
55
56        <!-- ── Home / Dashboard ─────────────────────────────────────────── -->
57        <activity
57-->AndroidStudioProjects\BudgetPlanner\AndroidManifest.xml:41:9-44:58
58            android:name="com.example.budgetplanner.HomeActivity"
58-->AndroidStudioProjects\BudgetPlanner\AndroidManifest.xml:42:13-41
59            android:exported="false"
59-->AndroidStudioProjects\BudgetPlanner\AndroidManifest.xml:43:13-37
60            android:windowSoftInputMode="adjustResize" />
60-->AndroidStudioProjects\BudgetPlanner\AndroidManifest.xml:44:13-55
61
62        <provider
62-->[androidx.emoji2:emoji2:1.2.0] AndroidManifest.xml:24:9-32:20
63            android:name="androidx.startup.InitializationProvider"
63-->[androidx.emoji2:emoji2:1.2.0] AndroidManifest.xml:25:13-67
64            android:authorities="com.example.budgetplanner.androidx-startup"
64-->[androidx.emoji2:emoji2:1.2.0] AndroidManifest.xml:26:13-68
65            android:exported="false" >
65-->[androidx.emoji2:emoji2:1.2.0] AndroidManifest.xml:27:13-37
66            <meta-data
66-->[androidx.emoji2:emoji2:1.2.0] AndroidManifest.xml:29:13-31:52
67                android:name="androidx.emoji2.text.EmojiCompatInitializer"
67-->[androidx.emoji2:emoji2:1.2.0] AndroidManifest.xml:30:17-75
68                android:value="androidx.startup" />
68-->[androidx.emoji2:emoji2:1.2.0] AndroidManifest.xml:31:17-49
69            <meta-data
69-->[androidx.lifecycle:lifecycle-process:2.7.0] AndroidManifest.xml:29:13-31:52
70                android:name="androidx.lifecycle.ProcessLifecycleInitializer"
70-->[androidx.lifecycle:lifecycle-process:2.7.0] AndroidManifest.xml:30:17-78
71                android:value="androidx.startup" />
71-->[androidx.lifecycle:lifecycle-process:2.7.0] AndroidManifest.xml:31:17-49
72            <meta-data
72-->[androidx.profileinstaller:profileinstaller:1.3.0] AndroidManifest.xml:29:13-31:52
73                android:name="androidx.profileinstaller.ProfileInstallerInitializer"
73-->[androidx.profileinstaller:profileinstaller:1.3.0] AndroidManifest.xml:30:17-85
74                android:value="androidx.startup" />
74-->[androidx.profileinstaller:profileinstaller:1.3.0] AndroidManifest.xml:31:17-49
75        </provider>
76
77        <receiver
77-->[androidx.profileinstaller:profileinstaller:1.3.0] AndroidManifest.xml:34:9-52:20
78            android:name="androidx.profileinstaller.ProfileInstallReceiver"
78-->[androidx.profileinstaller:profileinstaller:1.3.0] AndroidManifest.xml:35:13-76
79            android:directBootAware="false"
79-->[androidx.profileinstaller:profileinstaller:1.3.0] AndroidManifest.xml:36:13-44
80            android:enabled="true"
80-->[androidx.profileinstaller:profileinstaller:1.3.0] AndroidManifest.xml:37:13-35
81            android:exported="true"
81-->[androidx.profileinstaller:profileinstaller:1.3.0] AndroidManifest.xml:38:13-36
82            android:permission="android.permission.DUMP" >
82-->[androidx.profileinstaller:profileinstaller:1.3.0] AndroidManifest.xml:39:13-57
83            <intent-filter>
83-->[androidx.profileinstaller:profileinstaller:1.3.0] AndroidManifest.xml:40:13-42:29
84                <action android:name="androidx.profileinstaller.action.INSTALL_PROFILE" />
84-->[androidx.profileinstaller:profileinstaller:1.3.0] AndroidManifest.xml:41:17-91
84-->[androidx.profileinstaller:profileinstaller:1.3.0] AndroidManifest.xml:41:25-88
85            </intent-filter>
86            <intent-filter>
86-->[androidx.profileinstaller:profileinstaller:1.3.0] AndroidManifest.xml:43:13-45:29
87                <action android:name="androidx.profileinstaller.action.SKIP_FILE" />
87-->[androidx.profileinstaller:profileinstaller:1.3.0] AndroidManifest.xml:44:17-85
87-->[androidx.profileinstaller:profileinstaller:1.3.0] AndroidManifest.xml:44:25-82
88            </intent-filter>
89            <intent-filter>
89-->[androidx.profileinstaller:profileinstaller:1.3.0] AndroidManifest.xml:46:13-48:29
90                <action android:name="androidx.profileinstaller.action.SAVE_PROFILE" />
90-->[androidx.profileinstaller:profileinstaller:1.3.0] AndroidManifest.xml:47:17-88
90-->[androidx.profileinstaller:profileinstaller:1.3.0] AndroidManifest.xml:47:25-85
91            </intent-filter>
92            <intent-filter>
92-->[androidx.profileinstaller:profileinstaller:1.3.0] AndroidManifest.xml:49:13-51:29
93                <action android:name="androidx.profileinstaller.action.BENCHMARK_OPERATION" />
93-->[androidx.profileinstaller:profileinstaller:1.3.0] AndroidManifest.xml:50:17-95
93-->[androidx.profileinstaller:profileinstaller:1.3.0] AndroidManifest.xml:50:25-92
94            </intent-filter>
95        </receiver>
96    </application>
97
98</manifest>